<?xml version="1.0" encoding="UTF-8"?>
<!-- Generated by org.testng.reporters.JUnitReportReporter -->
<testsuite hostname="MIIND51N15S2" failures="0" tests="3" name="files.DynamicJson" time="3.444" errors="0" timestamp="2022-03-14T17:11:29 IST" skipped="0">
  <testcase classname="files.DynamicJson" name="addBook" time="2.999"/>
  <system-out/>
  <testcase classname="files.DynamicJson" name="addBook" time="0.126"/>
  <system-out/>
  <testcase classname="files.DynamicJson" name="addBook" time="0.319"/>
  <system-out/>
</testsuite> <!-- files.DynamicJson -->
