<?xml version="1.0" encoding="UTF-8"?>
<!-- Generated by org.testng.reporters.JUnitReportReporter -->
<testsuite hostname="MIIND51N15S2" failures="0" tests="1" name="SumValidation" time="2.914" errors="0" timestamp="2022-02-06T15:42:00 IST" skipped="0">
  <testcase classname="SumValidation" name="sumOfCourses" time="2.914"/>
  <system-out/>
</testsuite> <!-- SumValidation -->
